<?xml version="1.0" encoding="UTF-8"?>
<!-- Generated by org.testng.reporters.JUnitXMLReporter -->
<testsuite ignored="0" hostname="Gurpreet" failures="0" tests="1" name="Test" time="0.242" errors="0" timestamp="2025-03-20T16:36:46 IST">
  <testcase classname="day9.parreleltesting" name="@BeforeClass setup" time="-1.742468806546E9">
    <failure type="org.testng.TestNGException" message="
Parameter &amp;apos;Browser&amp;apos; is required by BeforeClass on method setup but has not been marked @Optional or defined
in C:\Users\gurpreet singh\eclipse-workspace\seleniumwebdriver\src\test\java\day9\testng.xml">
      <![CDATA[org.testng.TestNGException: 
Parameter 'Browser' is required by BeforeClass on method setup but has not been marked @Optional or defined
in C:\Users\gurpreet singh\eclipse-workspace\seleniumwebdriver\src\test\java\day9\testng.xml
at java.base/java.util.ArrayList.forEach(ArrayList.java:1597)
... Removed 22 stack frames]]>
    </failure>
  </testcase> <!-- @BeforeClass setup -->
  <testcase classname="day9.parreleltesting" name="testlogin" time="0.0">
    <skipped/>
  </testcase> <!-- testlogin -->
</testsuite> <!-- Test -->
